2024-10-27 14:53:09 INFO  api.testcase.UserTest - create API test for endpoint...
2024-10-27 14:53:14 INFO  api.testcase.UserTest - Test completed successfully.
2024-10-27 14:53:14 INFO  api.testcase.UserTest - getuser API test for user get...
2024-10-27 14:53:16 INFO  api.testcase.UserTest - Test completed successfully.......
2024-10-27 14:53:16 INFO  api.testcase.UserTest - updare user API test for 3rd case...
2024-10-27 14:53:17 INFO  api.testcase.UserTest - Test completed successfully.
2024-10-27 14:53:17 INFO  api.testcase.UserTest - delete user API test for 4th case...
2024-10-27 14:53:19 INFO  api.testcase.UserTest - Test completed successfully.
2024-10-27 15:28:51 INFO  api.testcase.UserTest - create API test for endpoint...
2024-10-27 15:29:02 INFO  api.testcase.UserTest - Test completed successfully.
2024-10-27 15:29:02 INFO  api.testcase.UserTest - getuser API test for user get...
2024-10-27 15:29:04 INFO  api.testcase.UserTest - Test completed successfully.......
2024-10-27 15:29:04 INFO  api.testcase.UserTest - updare user API test for 3rd case...
2024-10-27 15:29:06 INFO  api.testcase.UserTest - Test completed successfully.
2024-10-27 15:29:06 INFO  api.testcase.UserTest - delete user API test for 4th case...
2024-10-27 15:29:07 INFO  api.testcase.UserTest - Test completed successfully.
2024-10-27 15:48:08 INFO  api.testcase.UserTest - create API test for endpoint...
2024-10-27 15:48:10 INFO  api.testcase.UserTest - Test completed successfully.
2024-10-27 15:48:10 INFO  api.testcase.UserTest - getuser API test for user get...
2024-10-27 15:48:11 INFO  api.testcase.UserTest - Test completed successfully.......
2024-10-27 15:48:11 INFO  api.testcase.UserTest - updare user API test for 3rd case...
2024-10-27 15:48:13 INFO  api.testcase.UserTest - Test completed successfully.
2024-10-27 15:48:13 INFO  api.testcase.UserTest - delete user API test for 4th case...
2024-10-27 15:48:15 INFO  api.testcase.UserTest - Test completed successfully.
2024-10-27 15:48:50 INFO  api.testcase.UserTest - create API test for endpoint...
2024-10-27 15:48:53 INFO  api.testcase.UserTest - Test completed successfully.
2024-10-27 15:48:53 INFO  api.testcase.UserTest - getuser API test for user get...
2024-10-27 15:48:54 INFO  api.testcase.UserTest - Test completed successfully.......
2024-10-27 15:48:54 INFO  api.testcase.UserTest - updare user API test for 3rd case...
2024-10-27 15:48:56 INFO  api.testcase.UserTest - Test completed successfully.
2024-10-27 15:48:56 INFO  api.testcase.UserTest - delete user API test for 4th case...
2024-10-27 15:48:57 INFO  api.testcase.UserTest - Test completed successfully.
